0 info it worked if it ends with ok
1 verbose cli [ 'C:\\Program Files\\nodejs\\node.exe',
1 verbose cli   'C:\\Users\\i322840\\AppData\\Roaming\\npm\\node_modules\\npm\\bin\\npm-cli.js',
1 verbose cli   'install',
1 verbose cli   '-g',
1 verbose cli   'socket.io@latest' ]
2 info using npm@3.6.0
3 info using node@v4.2.1
4 silly loadCurrentTree Starting
5 silly install loadCurrentTree
6 silly install readGlobalPackageData
7 silly fetchPackageMetaData socket.io@latest
8 silly fetchNamedPackageData socket.io
9 silly mapToRegistry name socket.io
10 silly mapToRegistry using default registry
11 silly mapToRegistry registry http://registry.npmjs.org/
12 silly mapToRegistry uri http://registry.npmjs.org/socket.io
13 verbose request uri http://registry.npmjs.org/socket.io
14 verbose request no auth needed
15 info attempt registry request try #1 at 11:30:26 AM
16 verbose request id 5e57f67a2f814ccc
17 verbose etag "9C8AFL99ULM1EHESYM0I34PKN"
18 http request GET http://registry.npmjs.org/socket.io
19 info retry will retry, error on last attempt: Error: Invalid protocol: null
20 info attempt registry request try #2 at 11:30:36 AM
21 verbose etag "9C8AFL99ULM1EHESYM0I34PKN"
22 http request GET http://registry.npmjs.org/socket.io
23 info retry will retry, error on last attempt: Error: Invalid protocol: null
24 info attempt registry request try #3 at 11:31:36 AM
25 verbose etag "9C8AFL99ULM1EHESYM0I34PKN"
26 http request GET http://registry.npmjs.org/socket.io
27 silly get cb [ 304, undefined ]
28 verbose etag http://registry.npmjs.org/socket.io from cache
29 verbose get saving socket.io to C:\Users\i322840\AppData\Roaming\npm-cache\registry.npmjs.org\socket.io\.cache.json
30 verbose correctMkdir C:\Users\i322840\AppData\Roaming\npm-cache correctMkdir not in flight; initializing
31 silly install normalizeTree
32 silly loadCurrentTree Finishing
33 silly loadIdealTree Starting
34 silly install loadIdealTree
35 silly cloneCurrentTree Starting
36 silly install cloneCurrentTreeToIdealTree
37 silly cloneCurrentTree Finishing
38 silly loadShrinkwrap Starting
39 silly install loadShrinkwrap
40 silly loadShrinkwrap Finishing
41 silly loadAllDepsIntoIdealTree Starting
42 silly install loadAllDepsIntoIdealTree
43 silly resolveWithNewModule socket.io@1.4.5 checking installable status
44 silly cache add args [ 'socket.io@latest', null ]
45 verbose cache add spec socket.io@latest
46 silly cache add parsed spec Result {
46 silly cache add   raw: 'socket.io@latest',
46 silly cache add   scope: null,
46 silly cache add   name: 'socket.io',
46 silly cache add   rawSpec: 'latest',
46 silly cache add   spec: 'latest',
46 silly cache add   type: 'tag' }
47 silly addNamed socket.io@latest
48 verbose addNamed "latest" is being treated as a dist-tag for socket.io
49 info addNameTag [ 'socket.io', 'latest' ]
50 silly mapToRegistry name socket.io
51 silly mapToRegistry using default registry
52 silly mapToRegistry registry http://registry.npmjs.org/
53 silly mapToRegistry uri http://registry.npmjs.org/socket.io
54 verbose addNameTag registry:http://registry.npmjs.org/socket.io not in flight; fetching
55 verbose get http://registry.npmjs.org/socket.io not expired, no request
56 silly addNameTag next cb for socket.io with tag latest
57 silly addNamed socket.io@1.4.5
58 verbose addNamed "1.4.5" is a plain semver version for socket.io
59 silly mapToRegistry name socket.io
60 silly mapToRegistry using default registry
61 silly mapToRegistry registry http://registry.npmjs.org/
62 silly mapToRegistry uri http://registry.npmjs.org/socket.io
63 verbose addRemoteTarball http://registry.npmjs.org/socket.io/-/socket.io-1.4.5.tgz not in flight; adding
64 verbose addRemoteTarball [ 'http://registry.npmjs.org/socket.io/-/socket.io-1.4.5.tgz',
64 verbose addRemoteTarball   'f202f49eeb9cf7cf6c0971ad75d8d96d451ea4f7' ]
65 info retry fetch attempt 1 at 11:31:36 AM
66 info attempt registry request try #1 at 11:31:36 AM
67 http fetch GET http://registry.npmjs.org/socket.io/-/socket.io-1.4.5.tgz
68 verbose stack Error: Invalid protocol: null
68 verbose stack     at Request.init (C:\Users\i322840\AppData\Roaming\npm\node_modules\npm\node_modules\request\request.js:471:31)
68 verbose stack     at new Request (C:\Users\i322840\AppData\Roaming\npm\node_modules\npm\node_modules\request\request.js:140:8)
68 verbose stack     at request (C:\Users\i322840\AppData\Roaming\npm\node_modules\npm\node_modules\request\index.js:55:10)
68 verbose stack     at CachingRegistryClient.makeRequest (C:\Users\i322840\AppData\Roaming\npm\node_modules\npm\node_modules\npm-registry-client\lib\fetch.js:90:12)
68 verbose stack     at C:\Users\i322840\AppData\Roaming\npm\node_modules\npm\node_modules\npm-registry-client\lib\fetch.js:18:17
68 verbose stack     at RetryOperation._fn (C:\Users\i322840\AppData\Roaming\npm\node_modules\npm\node_modules\npm-registry-client\lib\attempt.js:18:5)
68 verbose stack     at RetryOperation.attempt (C:\Users\i322840\AppData\Roaming\npm\node_modules\npm\node_modules\retry\lib\retry_operation.js:74:8)
68 verbose stack     at CachingRegistryClient.attempt (C:\Users\i322840\AppData\Roaming\npm\node_modules\npm\node_modules\npm-registry-client\lib\attempt.js:11:13)
68 verbose stack     at CachingRegistryClient.fetch (C:\Users\i322840\AppData\Roaming\npm\node_modules\npm\node_modules\npm-registry-client\lib\fetch.js:17:8)
68 verbose stack     at fetchAndShaCheck (C:\Users\i322840\AppData\Roaming\npm\node_modules\npm\lib\cache\add-remote-tarball.js:88:16)
69 verbose cwd C:\Users\i322840\chat_app\chat-nodejs
70 error Windows_NT 6.3.9600
71 error argv "C:\\Program Files\\nodejs\\node.exe" "C:\\Users\\i322840\\AppData\\Roaming\\npm\\node_modules\\npm\\bin\\npm-cli.js" "install" "-g" "socket.io@latest"
72 error node v4.2.1
73 error npm  v3.6.0
74 error Invalid protocol: null
75 error If you need help, you may report this error at:
75 error     <https://github.com/npm/npm/issues>
76 verbose exit [ 1, true ]
